<?xml version="1.0" encoding="UTF-8"?>
<!-- Generated by org.testng.reporters.JUnitReportReporter -->
<testsuite hostname="Meghas-MacBook-Pro.local" failures="0" tests="3" name="setproject03.SetPract" time="0.015" errors="0" timestamp="2021-12-28T02:03:45 EST" skipped="0">
  <testcase classname="setproject03.SetPract" name="test1" time="0.013"/>
  <system-out/>
  <testcase classname="setproject03.SetPract" name="test12" time="0.001"/>
  <system-out/>
  <testcase classname="setproject03.SetPract" name="test142" time="0.001"/>
  <system-out/>
</testsuite> <!-- setproject03.SetPract -->
