<?xml version="1.0" encoding="UTF-8"?>
<!-- Generated by org.testng.reporters.JUnitReportReporter -->
<testsuite hostname="meghas-mbp.lan" failures="0" tests="1" name="setunique.SetUnique" time="0.013" errors="0" timestamp="2021-12-20T19:39:37 EST" skipped="0">
  <testcase classname="setunique.SetUnique" name="setValue" time="0.013"/>
  <system-out/>
</testsuite> <!-- setunique.SetUnique -->
